2025-05-21 11:50:20 | ERROR    | log4ak.py:108 - 数据库连接失败
2025-05-21 11:50:20 | ERROR    | log4ak.py:108 - 服务不可用
2025-05-21 11:50:20 | ERROR    | log4ak.py:108 - 参数类型错误
2025-05-21 13:37:13 | ERROR    | log4ak.py:108 - 接口调用失败: name 'start_year' is not defined
2025-05-21 13:37:13 | ERROR    | log4ak.py:108 - 处理600962时出错：cannot unpack non-iterable bool object。连续次数1
2025-05-21 13:37:15 | ERROR    | log4ak.py:108 - 接口调用失败: name 'start_year' is not defined
2025-05-21 13:37:15 | ERROR    | log4ak.py:108 - 处理600963时出错：cannot unpack non-iterable bool object。连续次数2
2025-05-21 13:37:17 | ERROR    | log4ak.py:108 - 接口调用失败: name 'start_year' is not defined
2025-05-21 13:37:17 | ERROR    | log4ak.py:108 - 处理600965时出错：cannot unpack non-iterable bool object。连续次数3
2025-05-21 13:44:21 | ERROR    | log4ak.py:108 - 接口调用失败: name 'start_year' is not defined
2025-05-21 13:44:21 | ERROR    | log4ak.py:108 - 处理600962时出错：cannot unpack non-iterable bool object。连续次数1
2025-05-21 13:44:23 | ERROR    | log4ak.py:108 - 接口调用失败: name 'start_year' is not defined
2025-05-21 13:44:23 | ERROR    | log4ak.py:108 - 处理600963时出错：cannot unpack non-iterable bool object。连续次数2
2025-05-21 13:44:25 | ERROR    | log4ak.py:108 - 接口调用失败: name 'start_year' is not defined
2025-05-21 13:44:25 | ERROR    | log4ak.py:108 - 处理600965时出错：cannot unpack non-iterable bool object。连续次数3
2025-05-21 13:46:04 | ERROR    | log4ak.py:108 - 接口调用失败: name 'start_year' is not defined
2025-05-21 13:46:04 | ERROR    | log4ak.py:108 - 处理600962时出错：cannot unpack non-iterable bool object。连续次数1
2025-05-21 13:46:06 | ERROR    | log4ak.py:108 - 接口调用失败: name 'start_year' is not defined
2025-05-21 13:46:06 | ERROR    | log4ak.py:108 - 处理600963时出错：cannot unpack non-iterable bool object。连续次数2
2025-05-21 13:46:08 | ERROR    | log4ak.py:108 - 接口调用失败: name 'start_year' is not defined
2025-05-21 13:46:08 | ERROR    | log4ak.py:108 - 处理600965时出错：cannot unpack non-iterable bool object。连续次数3
2025-05-21 13:53:38 | ERROR    | log4ak.py:108 - 接口调用失败: name 'start_year' is not defined
2025-05-21 13:53:38 | ERROR    | log4ak.py:108 - 处理600962时出错：cannot unpack non-iterable bool object。连续次数1
2025-05-21 13:53:40 | ERROR    | log4ak.py:108 - 接口调用失败: name 'start_year' is not defined
2025-05-21 13:53:40 | ERROR    | log4ak.py:108 - 处理600963时出错：cannot unpack non-iterable bool object。连续次数2
2025-05-21 13:53:42 | ERROR    | log4ak.py:108 - 接口调用失败: name 'start_year' is not defined
2025-05-21 13:53:42 | ERROR    | log4ak.py:108 - 处理600965时出错：cannot unpack non-iterable bool object。连续次数3
2025-05-21 13:54:58 | ERROR    | log4ak.py:108 - 数据库连接失败
2025-05-21 13:54:58 | ERROR    | log4ak.py:108 - 服务不可用
2025-05-21 13:54:58 | ERROR    | log4ak.py:108 - 参数类型错误
2025-05-21 14:11:23 | ERROR    | log4ak.py:108 - 处理603014时出错：'日期'。连续次数1
2025-05-21 14:20:33 | ERROR    | log4ak.py:108 - 处理603202时出错：'日期'。连续次数1
2025-05-21 14:20:56 | ERROR    | log4ak.py:108 - 处理603210时出错：'日期'。连续次数1
2025-05-21 15:43:17 | ERROR    | log4ak.py:108 - 处理603381时出错：'日期'。连续次数1
2025-05-21 15:54:54 | ERROR    | log4ak.py:108 - 接口调用超时：5秒未返回数据 | 股票代码：603816
